e:\svnadmin\developer\logitower\bluetoothplugin\logitowbleplugin\logitowbleplugin.dir\debug\vc141.pdb
e:\svnadmin\developer\logitower\bluetoothplugin\logitowbleplugin\logitowbleplugin.dir\debug\logitowbleplugin.obj
e:\svnadmin\developer\logitower\bluetoothplugin\logitowbleplugin\logitowbleplugin.dir\debug\logitowblecontroler.obj
e:\svnadmin\developer\logitower\bluetoothplugin\logitowbleplugin\logitowbleplugin.dir\debug\logitowble.obj
e:\svnadmin\developer\logitower\bluetoothplugin\logitowbleplugin\logitowbleplugin.dir\debug\eventbus.obj
e:\svnadmin\developer\logitower\bluetoothplugin\logitowbleplugin\logitowbleplugin.dir\debug\stdafx.obj
e:\svnadmin\developer\paracraftsdk\samples\plugins\helloworldcppdll\cmakefiles\generate.stamp
e:\svnadmin\developer\logitower\bluetoothplugin\logitowbleplugin\debug\logitowbleplugin_d.ilk
e:\svnadmin\developer\logitower\bluetoothplugin\logitowbleplugin\debug\logitowbleplugin_d.dll
e:\svnadmin\developer\logitower\bluetoothplugin\logitowbleplugin\debug\logitowbleplugin_d.pdb
e:\svnadmin\developer\logitower\bluetoothplugin\logitowbleplugin\debug\logitowbleplugin_d.lib
e:\svnadmin\developer\logitower\bluetoothplugin\logitowbleplugin\debug\logitowbleplugin_d.exp
e:\svnadmin\developer\logitower\bluetoothplugin\logitowbleplugin\logitowbleplugin.dir\debug\logitowbleplugin.tlog\cl.command.1.tlog
e:\svnadmin\developer\logitower\bluetoothplugin\logitowbleplugin\logitowbleplugin.dir\debug\logitowbleplugin.tlog\cl.read.1.tlog
e:\svnadmin\developer\logitower\bluetoothplugin\logitowbleplugin\logitowbleplugin.dir\debug\logitowbleplugin.tlog\cl.write.1.tlog
e:\svnadmin\developer\logitower\bluetoothplugin\logitowbleplugin\logitowbleplugin.dir\debug\logitowbleplugin.tlog\custombuild.command.1.tlog
e:\svnadmin\developer\logitower\bluetoothplugin\logitowbleplugin\logitowbleplugin.dir\debug\logitowbleplugin.tlog\custombuild.read.1.tlog
e:\svnadmin\developer\logitower\bluetoothplugin\logitowbleplugin\logitowbleplugin.dir\debug\logitowbleplugin.tlog\custombuild.write.1.tlog
e:\svnadmin\developer\logitower\bluetoothplugin\logitowbleplugin\logitowbleplugin.dir\debug\logitowbleplugin.tlog\link.command.1.tlog
e:\svnadmin\developer\logitower\bluetoothplugin\logitowbleplugin\logitowbleplugin.dir\debug\logitowbleplugin.tlog\link.read.1.tlog
e:\svnadmin\developer\logitower\bluetoothplugin\logitowbleplugin\logitowbleplugin.dir\debug\logitowbleplugin.tlog\link.write.1.tlog
e:\svnadmin\developer\logitower\bluetoothplugin\logitowbleplugin\logitowbleplugin.dir\debug\logitowbleplugin.tlog\logitowbleplugin.write.1u.tlog
